Internal ctest changing into directory: D:/projects/2024-misis-fall/misis2024f-24-00-polevoi-d-v/build.check
Test project D:/projects/2024-misis-fall/misis2024f-24-00-polevoi-d-v/build.check
    Start 1: doctest_arrayd
    Start 2: doctest_arrayt
    Start 3: doctest_complex
    Start 4: doctest_complex_io
    Start 5: doctest_rational
    Start 6: doctest_rational_io
1/6 Test #1: doctest_arrayd ...................   Passed    0.04 sec
2/6 Test #2: doctest_arrayt ...................***Failed    0.04 sec
3/6 Test #3: doctest_complex ..................***Failed    0.03 sec
4/6 Test #4: doctest_complex_io ...............***Failed    0.02 sec
5/6 Test #5: doctest_rational .................***Failed    0.01 sec
6/6 Test #6: doctest_rational_io ..............***Failed    0.01 sec

17% tests passed, 5 tests failed out of 6

Total Test time (real) =   0.05 sec

The following tests FAILED:
	  2 - doctest_arrayt (Failed)
	  3 - doctest_complex (Failed)
	  4 - doctest_complex_io (Failed)
	  5 - doctest_rational (Failed)
	  6 - doctest_rational_io (Failed)
